<?xml version="1.0" encoding="UTF-8"?>
<testng-results ignored="0" total="1" passed="1" failed="0" skipped="0">
  <reporter-output>
  </reporter-output>
  <suite started-at="2021-03-30T18:30:13 PDT" name="Default suite" finished-at="2021-03-30T18:30:23 PDT" duration-ms="10084">
    <groups>
    </groups>
    <test started-at="2021-03-30T18:30:13 PDT" name="Default test" finished-at="2021-03-30T18:30:23 PDT" duration-ms="10084">
      <class name="demo.Test1">
        <test-method is-config="true" signature="setUp()[pri:0, instance:demo.Test1@778d1062]" started-at="2021-03-30T18:30:13 PDT" name="setUp" finished-at="2021-03-30T18:30:17 PDT" duration-ms="3981" status="PASS">
          <reporter-output>
          </reporter-output>
        </test-method> <!-- setUp -->
        <test-method signature="test1()[pri:0, instance:demo.Test1@778d1062]" started-at="2021-03-30T18:30:17 PDT" name="test1" finished-at="2021-03-30T18:30:22 PDT" duration-ms="4921" status="PASS">
          <reporter-output>
          </reporter-output>
        </test-method> <!-- test1 -->
        <test-method is-config="true" signature="tearDown()[pri:0, instance:demo.Test1@778d1062]" started-at="2021-03-30T18:30:22 PDT" name="tearDown" finished-at="2021-03-30T18:30:23 PDT" duration-ms="1148" status="PASS">
          <reporter-output>
          </reporter-output>
        </test-method> <!-- tearDown -->
      </class> <!-- demo.Test1 -->
    </test> <!-- Default test -->
  </suite> <!-- Default suite -->
</testng-results>
